build/app/intermediates/manifest_merge_blame_file/debug/manifest-merger-blame-debug-report.txt
1<?xml version="1.0" encoding="utf-8"?>
2<manifest xmlns:android="http://schemas.android.com/apk/res/android"
3    package="com.example.flutter_app"
4    android:versionCode="1"
5    android:versionName="1.0.0" >
6
7    <uses-sdk
8        android:minSdkVersion="21"
9        android:targetSdkVersion="35" />
10    <!--
11         The INTERNET permission is required for development. Specifically,
12         the Flutter tool needs it to communicate with the running application
13         to allow setting breakpoints, to provide hot reload, etc.
14    -->
15    <uses-permission android:name="android.permission.INTERNET" />
15-->src\debug\AndroidManifest.xml:6:5-66
15-->src\debug\AndroidManifest.xml:6:22-64
16    <!--
17     Required to query activities that can process text, see:
18         https://developer.android.com/training/package-visibility?hl=en and
19         https://developer.android.com/reference/android/content/Intent#ACTION_PROCESS_TEXT.
20
21         In particular, this is used by the Flutter engine in io.flutter.plugin.text.ProcessTextPlugin.
22    -->
23    <queries>
23-->src\main\AndroidManifest.xml:38:5-43:15
24        <intent>
24-->src\main\AndroidManifest.xml:39:9-42:18
25            <action android:name="android.intent.action.PROCESS_TEXT" />
25-->src\main\AndroidManifest.xml:40:13-72
25-->src\main\AndroidManifest.xml:40:21-70
26
27            <data android:mimeType="text/plain" />
27-->src\main\AndroidManifest.xml:41:13-50
27-->src\main\AndroidManifest.xml:41:19-48
28        </intent>
29    </queries>
30
31    <permission
31-->[androidx.core:core:1.13.1] AndroidManifest.xml:22:5-24:47
32        android:name="com.example.flutter_app.DYNAMIC_RECEIVER_NOT_EXPORTED_PERMISSION"
32-->[androidx.core:core:1.13.1] AndroidManifest.xml:23:9-81
33        android:protectionLevel="signature" />
33-->[androidx.core:core:1.13.1] AndroidManifest.xml:24:9-44
34
35    <uses-permission android:name="com.example.flutter_app.DYNAMIC_RECEIVER_NOT_EXPORTED_PERMISSION" />
35-->[androidx.core:core:1.13.1] AndroidManifest.xml:26:5-97
35-->[androidx.core:core:1.13.1] AndroidManifest.xml:26:22-94
36
37    <application
38        android:name="android.app.Application"
39        android:appComponentFactory="androidx.core.app.CoreComponentFactory"
39-->[androidx.core:core:1.13.1] AndroidManifest.xml:28:18-86
40        android:debuggable="true"
41        android:icon="@mipmap/ic_launcher"
42        android:label="BillWiz" >
43        <activity
44            android:name="com.example.flutter_app.MainActivity"
45            android:configChanges="orientation|keyboardHidden|keyboard|screenSize|smallestScreenSize|locale|layoutDirection|fontScale|screenLayout|density|uiMode"
46            android:exported="true"
47            android:hardwareAccelerated="true"
48            android:launchMode="singleTop"
49            android:theme="@style/LaunchTheme"
50            android:windowSoftInputMode="adjustResize" >
51
52            <!--
53                 Specifies an Android theme to apply to this Activity as soon as
54                 the Android process has started. This theme is visible to the user
55                 while the Flutter UI initializes. After that, this theme continues
56                 to determine the Window background behind the Flutter UI.
57            -->
58            <meta-data
59                android:name="io.flutter.embedding.android.NormalTheme"
60                android:resource="@style/NormalTheme" />
61
62            <intent-filter>
63                <action android:name="android.intent.action.MAIN" />
64
65                <category android:name="android.intent.category.LAUNCHER" />
66            </intent-filter>
67        </activity>
68        <!--
69             Don't delete the meta-data below.
70             This is used by the Flutter tool to generate GeneratedPluginRegistrant.java
71        -->
72        <meta-data
73            android:name="flutterEmbedding"
74            android:value="2" />
75
76        <provider
76-->[:image_picker_android] AndroidManifest.xml:11:9-19:20
77            android:name="io.flutter.plugins.imagepicker.ImagePickerFileProvider"
77-->[:image_picker_android] AndroidManifest.xml:12:13-82
78            android:authorities="com.example.flutter_app.flutter.image_provider"
78-->[:image_picker_android] AndroidManifest.xml:13:13-74
79            android:exported="false"
79-->[:image_picker_android] AndroidManifest.xml:14:13-37
80            android:grantUriPermissions="true" >
80-->[:image_picker_android] AndroidManifest.xml:15:13-47
81            <meta-data
81-->[:image_picker_android] AndroidManifest.xml:16:13-18:75
82                android:name="android.support.FILE_PROVIDER_PATHS"
82-->[:image_picker_android] AndroidManifest.xml:17:17-67
83                android:resource="@xml/flutter_image_picker_file_paths" />
83-->[:image_picker_android] AndroidManifest.xml:18:17-72
84        </provider> <!-- Trigger Google Play services to install the backported photo picker module. -->
85        <service
85-->[:image_picker_android] AndroidManifest.xml:21:9-33:19
86            android:name="com.google.android.gms.metadata.ModuleDependencies"
86-->[:image_picker_android] AndroidManifest.xml:22:13-78
87            android:enabled="false"
87-->[:image_picker_android] AndroidManifest.xml:23:13-36
88            android:exported="false" >
88-->[:image_picker_android] AndroidManifest.xml:24:13-37
89            <intent-filter>
89-->[:image_picker_android] AndroidManifest.xml:26:13-28:29
90                <action android:name="com.google.android.gms.metadata.MODULE_DEPENDENCIES" />
90-->[:image_picker_android] AndroidManifest.xml:27:17-94
90-->[:image_picker_android] AndroidManifest.xml:27:25-91
91            </intent-filter>
92
93            <meta-data
93-->[:image_picker_android] AndroidManifest.xml:30:13-32:36
94                android:name="photopicker_activity:0:required"
94-->[:image_picker_android] AndroidManifest.xml:31:17-63
95                android:value="" />
95-->[:image_picker_android] AndroidManifest.xml:32:17-33
96        </service>
97
98        <provider
98-->[:printing] AndroidManifest.xml:10:9-18:20
99            android:name="net.nfet.flutter.printing.PrintFileProvider"
99-->[:printing] AndroidManifest.xml:11:13-71
100            android:authorities="com.example.flutter_app.flutter.printing"
100-->[:printing] AndroidManifest.xml:12:13-68
101            android:exported="false"
101-->[:printing] AndroidManifest.xml:13:13-37
102            android:grantUriPermissions="true" >
102-->[:printing] AndroidManifest.xml:14:13-47
103            <meta-data
103-->[:image_picker_android] AndroidManifest.xml:16:13-18:75
104                android:name="android.support.FILE_PROVIDER_PATHS"
104-->[:image_picker_android] AndroidManifest.xml:17:17-67
105                android:resource="@xml/flutter_printing_file_paths" />
105-->[:image_picker_android] AndroidManifest.xml:18:17-72
106        </provider>
107
108        <uses-library
108-->[androidx.window:window:1.2.0] AndroidManifest.xml:23:9-25:40
109            android:name="androidx.window.extensions"
109-->[androidx.window:window:1.2.0] AndroidManifest.xml:24:13-54
110            android:required="false" />
110-->[androidx.window:window:1.2.0] AndroidManifest.xml:25:13-37
111        <uses-library
111-->[androidx.window:window:1.2.0] AndroidManifest.xml:26:9-28:40
112            android:name="androidx.window.sidecar"
112-->[androidx.window:window:1.2.0] AndroidManifest.xml:27:13-51
113            android:required="false" />
113-->[androidx.window:window:1.2.0] AndroidManifest.xml:28:13-37
114
115        <provider
115-->[androidx.lifecycle:lifecycle-process:2.7.0] AndroidManifest.xml:24:9-32:20
116            android:name="androidx.startup.InitializationProvider"
116-->[androidx.lifecycle:lifecycle-process:2.7.0] AndroidManifest.xml:25:13-67
117            android:authorities="com.example.flutter_app.androidx-startup"
117-->[androidx.lifecycle:lifecycle-process:2.7.0] AndroidManifest.xml:26:13-68
118            android:exported="false" >
118-->[androidx.lifecycle:lifecycle-process:2.7.0] AndroidManifest.xml:27:13-37
119            <meta-data
119-->[androidx.lifecycle:lifecycle-process:2.7.0] AndroidManifest.xml:29:13-31:52
120                android:name="androidx.lifecycle.ProcessLifecycleInitializer"
120-->[androidx.lifecycle:lifecycle-process:2.7.0] AndroidManifest.xml:30:17-78
121                android:value="androidx.startup" />
121-->[androidx.lifecycle:lifecycle-process:2.7.0] AndroidManifest.xml:31:17-49
122            <meta-data
122-->[androidx.profileinstaller:profileinstaller:1.3.1] AndroidManifest.xml:29:13-31:52
123                android:name="androidx.profileinstaller.ProfileInstallerInitializer"
123-->[androidx.profileinstaller:profileinstaller:1.3.1] AndroidManifest.xml:30:17-85
124                android:value="androidx.startup" />
124-->[androidx.profileinstaller:profileinstaller:1.3.1] AndroidManifest.xml:31:17-49
125        </provider>
126
127        <receiver
127-->[androidx.profileinstaller:profileinstaller:1.3.1] AndroidManifest.xml:34:9-52:20
128            android:name="androidx.profileinstaller.ProfileInstallReceiver"
128-->[androidx.profileinstaller:profileinstaller:1.3.1] AndroidManifest.xml:35:13-76
129            android:directBootAware="false"
129-->[androidx.profileinstaller:profileinstaller:1.3.1] AndroidManifest.xml:36:13-44
130            android:enabled="true"
130-->[androidx.profileinstaller:profileinstaller:1.3.1] AndroidManifest.xml:37:13-35
131            android:exported="true"
131-->[androidx.profileinstaller:profileinstaller:1.3.1] AndroidManifest.xml:38:13-36
132            android:permission="android.permission.DUMP" >
132-->[androidx.profileinstaller:profileinstaller:1.3.1] AndroidManifest.xml:39:13-57
133            <intent-filter>
133-->[androidx.profileinstaller:profileinstaller:1.3.1] AndroidManifest.xml:40:13-42:29
134                <action android:name="androidx.profileinstaller.action.INSTALL_PROFILE" />
134-->[androidx.profileinstaller:profileinstaller:1.3.1] AndroidManifest.xml:41:17-91
134-->[androidx.profileinstaller:profileinstaller:1.3.1] AndroidManifest.xml:41:25-88
135            </intent-filter>
136            <intent-filter>
136-->[androidx.profileinstaller:profileinstaller:1.3.1] AndroidManifest.xml:43:13-45:29
137                <action android:name="androidx.profileinstaller.action.SKIP_FILE" />
137-->[androidx.profileinstaller:profileinstaller:1.3.1] AndroidManifest.xml:44:17-85
137-->[androidx.profileinstaller:profileinstaller:1.3.1] AndroidManifest.xml:44:25-82
138            </intent-filter>
139            <intent-filter>
139-->[androidx.profileinstaller:profileinstaller:1.3.1] AndroidManifest.xml:46:13-48:29
140                <action android:name="androidx.profileinstaller.action.SAVE_PROFILE" />
140-->[androidx.profileinstaller:profileinstaller:1.3.1] AndroidManifest.xml:47:17-88
140-->[androidx.profileinstaller:profileinstaller:1.3.1] AndroidManifest.xml:47:25-85
141            </intent-filter>
142            <intent-filter>
142-->[androidx.profileinstaller:profileinstaller:1.3.1] AndroidManifest.xml:49:13-51:29
143                <action android:name="androidx.profileinstaller.action.BENCHMARK_OPERATION" />
143-->[androidx.profileinstaller:profileinstaller:1.3.1] AndroidManifest.xml:50:17-95
143-->[androidx.profileinstaller:profileinstaller:1.3.1] AndroidManifest.xml:50:25-92
144            </intent-filter>
145        </receiver>
146    </application>
147
148</manifest>